12:16:58 PM # Build of test unit 'ACC_APC_Conditions' started...
12:16:58 PM - Build Step #0: BuildPreparation (ArtefactID: -1)
12:16:58 PM - ------------------------------------------------
12:16:58 PM - ============================== Build Step #0 finished ==============================
12:16:58 PM - Build Step #1: PreBuildEvent (ArtefactID: -1)
12:16:58 PM - ---------------------------------------------
12:16:58 PM - ============================== Build Step #1 finished ==============================
12:16:58 PM - Build Step #2: BuildTestSequenceDiagramDependencyTree (ArtefactID: -1)
12:16:58 PM - ----------------------------------------------------------------------
12:16:58 PM - Nothing to do (no Test Sequence Diagram Files)
12:16:58 PM - ============================== Build Step #2 finished ==============================
12:16:58 PM - Build Step #3: TraceArtefactIds (ArtefactID: -1)
12:16:58 PM - ------------------------------------------------
12:16:58 PM - Artefact IDs:
12:16:58 PM -   0 C:\New VTest Project\vTEST_a\vTEST_Project\ACC_Testing\ACC_APC_Conditions.vtt
12:16:58 PM - ============================== Build Step #3 finished ==============================
12:16:58 PM - Build Step #4: FuzzTestDetection (ArtefactID: -1)
12:16:58 PM - -------------------------------------------------
12:16:58 PM - ============================== Build Step #4 finished ==============================
12:16:58 PM - Build Step #5: ValidateTestUnit (ArtefactID: -1)
12:16:58 PM - ------------------------------------------------
12:16:58 PM # Checking test unit consistency
12:16:58 PM - ============================== Build Step #5 finished ==============================
12:16:58 PM - Build Step #6: BuildParameterTypeLibs (ArtefactID: -1)
12:16:58 PM - ------------------------------------------------------
12:16:58 PM - Nothing to do (no C# documents and no .NET assemblies)
12:16:58 PM - ============================== Build Step #6 finished ==============================
12:16:58 PM - Build Step #7: BuildCaplTypeLibs (ArtefactID: -1)
12:16:58 PM - -------------------------------------------------
12:16:58 PM - Nothing to do (no C# documents and no .NET assemblies)
12:16:58 PM - ============================== Build Step #7 finished ==============================
12:16:58 PM - Build Step #8: BuildSysVarTypeLibs (ArtefactID: -1)
12:16:58 PM - ---------------------------------------------------
12:16:58 PM - Nothing to do (no C# documents and no .NET assemblies)
12:16:58 PM - ============================== Build Step #8 finished ==============================
12:16:58 PM - Build Step #9: BuildCoTypeLib (ArtefactID: -1)
12:16:58 PM - ----------------------------------------------
12:16:58 PM - Nothing to do (no C# documents and no .NET assemblies or no CO-Lib)
12:16:58 PM - ============================== Build Step #9 finished ==============================
12:16:58 PM - Build Step #10: ValidateTteFile (ArtefactID: 0)
12:16:58 PM - -----------------------------------------------
12:16:58 PM - 'C:\New VTest Project\vTEST_a\vTEST_Project\ACC_Testing\ACC_APC_Conditions.vtt' is up to date (regarding to export table hash)
12:16:58 PM - 'C:\New VTest Project\vTEST_a\vTEST_Project\ACC_Testing\ACC_APC_Conditions.vtt' is up to date (regarding to dependencies in MAKE database)
12:16:58 PM - ============================== Build Step #10 finished ==============================
12:16:58 PM - Build Step #11: ConditionalBuildAbort (ArtefactID: -1)
12:16:58 PM - ------------------------------------------------------
12:16:58 PM - All Validation succeeded - continue build.
12:16:58 PM - ============================== Build Step #11 finished ==============================
12:16:58 PM - Build Step #12: CollectNavigationInfo (ArtefactID: 0)
12:16:58 PM - -----------------------------------------------------
12:16:58 PM - ============================== Build Step #12 finished ==============================
12:16:58 PM - Build Step #13: CompileVtt2Vxtx (ArtefactID: 0)
12:16:58 PM - -----------------------------------------------
12:16:58 PM - 'C:\New VTest Project\vTEST_a\vTEST_Project\obj_vTESTstudio_Project\bin_e0p514ok972n\__TsoBuildFiles_\ACC_APC_Conditions.vxtx' is up to date (regarding to dependencies in MAKE database)
12:16:58 PM - 'C:\New VTest Project\vTEST_a\vTEST_Project\obj_vTESTstudio_Project\bin_e0p514ok972n\__TsoBuildFiles_\ACC_APC_Conditions.vxtx.can' is up to date (regarding to dependencies in MAKE database)
12:16:58 PM - 'C:\New VTest Project\vTEST_a\vTEST_Project\obj_vTESTstudio_Project\bin_e0p514ok972n\__TsoBuildFiles_\ACC_APC_Conditions.vxtx' is up to date (regarding to export table hash)
12:16:58 PM - ============================== Build Step #13 finished ==============================
12:16:58 PM - Build Step #14: CompileGeneratedCapl (ArtefactID: 0)
12:16:58 PM - ----------------------------------------------------
12:16:58 PM - 'C:\New VTest Project\vTEST_a\vTEST_Project\obj_vTESTstudio_Project\bin_e0p514ok972n\__TsoBuildFiles_\ACC_APC_Conditions.vxtx.cbf' is up to date (regarding to dependencies in MAKE database)
12:16:58 PM - ============================== Build Step #14 finished ==============================
12:16:58 PM - Build Step #15: MoveCSharpXmlDocumentation (ArtefactID: -1)
12:16:58 PM - -----------------------------------------------------------
12:16:58 PM - MoveCSharpXmlDocumentation: Skipped because option is deactivated
12:16:58 PM - ============================== Build Step #15 finished ==============================
12:16:58 PM - Build Step #16: ValidateTteFile (ArtefactID: 0)
12:16:58 PM - -----------------------------------------------
12:16:58 PM - ============================== Build Step #16 finished ==============================
12:16:58 PM - Build Step #17: ValidateIdUsage (ArtefactID: -1)
12:16:58 PM - ------------------------------------------------
12:16:58 PM - ============================== Build Step #17 finished ==============================
12:16:58 PM - Build Step #18: ExportTraceabilityMatrix (ArtefactID: -1)
12:16:58 PM - ---------------------------------------------------------
12:16:58 PM - ExportTraceabilityMatrix: Skipped because option is deactivated
12:16:58 PM - ============================== Build Step #18 finished ==============================
12:16:58 PM - Build Step #19: IncludeSources (ArtefactID: -1)
12:16:58 PM - -----------------------------------------------
12:16:58 PM - IncludeSources: Skipped because option is deactivated
12:16:58 PM - ============================== Build Step #19 finished ==============================
12:16:58 PM - Build Step #20: WriteSystemEnvironment (ArtefactID: -1)
12:16:58 PM - -------------------------------------------------------
12:16:58 PM - Copy merged Test System Variable file...
12:16:58 PM - Copy <g9gdkve5e64p-MTSV> to C:\New VTest Project\vTEST_a\vTEST_Project\obj_vTESTstudio_Project\bin_e0p514ok972n\TestSysVars.vsysvar
12:16:58 PM - 'C:\New VTest Project\vTEST_a\vTEST_Project\obj_vTESTstudio_Project\bin_e0p514ok972n\TestSysVars.vsysvar' is up to date (regarding to dependencies in MAKE database)
12:16:58 PM - Add variant property file...
12:16:58 PM - No variant properties - nothing to do
12:16:58 PM - ============================== Build Step #20 finished ==============================
12:16:58 PM - Build Step #21: WriteTUProperties (ArtefactID: -1)
12:16:58 PM - --------------------------------------------------
12:16:58 PM - ============================== Build Step #21 finished ==============================
12:16:58 PM - Build Step #22: WriteTetEntries (ArtefactID: -1)
12:16:58 PM - ------------------------------------------------
12:16:58 PM - ============================== Build Step #22 finished ==============================
12:16:58 PM - Build Step #23: FuzzTestNLRemove (ArtefactID: -1)
12:16:58 PM - -------------------------------------------------
12:16:58 PM - ============================== Build Step #23 finished ==============================
12:16:58 PM - Build Step #24: WriteManifest (ArtefactID: -1)
12:16:58 PM - ----------------------------------------------
12:16:58 PM - Writing manifest C:\New VTest Project\vTEST_a\vTEST_Project\obj_vTESTstudio_Project\bin_e0p514ok972n\ACC_APC_Conditions.vtumanifest
12:16:58 PM - ============================== Build Step #24 finished ==============================
12:16:58 PM - Build Step #29: RemoveOrphanedBuildArtfacts (ArtefactID: -1)
12:16:58 PM - ------------------------------------------------------------
12:16:58 PM - Removing orphaned build artefacts from the vtuexe's main folder...
12:16:58 PM - Nothing to do.
12:16:58 PM - ============================== Build Step #29 finished ==============================
12:16:58 PM - Build Step #25: WriteMetainfo (ArtefactID: -1)
12:16:58 PM - ----------------------------------------------
12:16:58 PM - BUILD TIME excluding ZIP/UNZIP (hours:minutes:seconds:milliseconds): 00:00:00:038
