1:12:30 PM # Build of test unit 'ACC_Active' started...
1:12:30 PM - Build Step #0: BuildPreparation (ArtefactID: -1)
1:12:30 PM - ------------------------------------------------
1:12:30 PM - ============================== Build Step #0 finished ==============================
1:12:30 PM - Build Step #1: PreBuildEvent (ArtefactID: -1)
1:12:30 PM - ---------------------------------------------
1:12:30 PM - ============================== Build Step #1 finished ==============================
1:12:30 PM - Build Step #2: BuildTestSequenceDiagramDependencyTree (ArtefactID: -1)
1:12:30 PM - ----------------------------------------------------------------------
1:12:30 PM - Nothing to do (no Test Sequence Diagram Files)
1:12:30 PM - ============================== Build Step #2 finished ==============================
1:12:30 PM - Build Step #3: TraceArtefactIds (ArtefactID: -1)
1:12:30 PM - ------------------------------------------------
1:12:30 PM - Artefact IDs:
1:12:30 PM -   0 C:\Siva\vTEST_a\ACC_Vtest\ACC_Active\ACC_Active_Status1.vtt
1:12:30 PM - ============================== Build Step #3 finished ==============================
1:12:30 PM - Build Step #4: FuzzTestDetection (ArtefactID: -1)
1:12:30 PM - -------------------------------------------------
1:12:30 PM - ============================== Build Step #4 finished ==============================
1:12:30 PM - Build Step #5: ValidateTestUnit (ArtefactID: -1)
1:12:30 PM - ------------------------------------------------
1:12:30 PM # Checking test unit consistency
1:12:30 PM - ============================== Build Step #5 finished ==============================
1:12:30 PM - Build Step #6: BuildParameterTypeLibs (ArtefactID: -1)
1:12:30 PM - ------------------------------------------------------
1:12:30 PM - Nothing to do (no C# documents and no .NET assemblies)
1:12:30 PM - ============================== Build Step #6 finished ==============================
1:12:30 PM - Build Step #7: BuildCaplTypeLibs (ArtefactID: -1)
1:12:30 PM - -------------------------------------------------
1:12:30 PM - Nothing to do (no C# documents and no .NET assemblies)
1:12:30 PM - ============================== Build Step #7 finished ==============================
1:12:30 PM - Build Step #8: BuildSysVarTypeLibs (ArtefactID: -1)
1:12:30 PM - ---------------------------------------------------
1:12:30 PM - Nothing to do (no C# documents and no .NET assemblies)
1:12:30 PM - ============================== Build Step #8 finished ==============================
1:12:30 PM - Build Step #9: BuildCoTypeLib (ArtefactID: -1)
1:12:30 PM - ----------------------------------------------
1:12:30 PM - Nothing to do (no C# documents and no .NET assemblies or no CO-Lib)
1:12:30 PM - ============================== Build Step #9 finished ==============================
1:12:30 PM - Build Step #10: ValidateTteFile (ArtefactID: 0)
1:12:30 PM - -----------------------------------------------
1:12:30 PM - 'C:\Siva\vTEST_a\ACC_Vtest\ACC_Active\ACC_Active_Status1.vtt' is up to date (regarding to export table hash)
1:12:30 PM - 'C:\Siva\vTEST_a\ACC_Vtest\ACC_Active\ACC_Active_Status1.vtt' is outdated
1:12:30 PM - Reason: Last write time of 'C:\Siva\vTEST_a\ACC_Vtest\ACC_Active\ACC_Active_Status1.vtt' (8/30/2025 1:11:53 PM) differs from 'C:\Siva\vTEST_a\ACC_Vtest\ACC_Active\ACC_Active_Status1.vtt' (8/30/2025 12:46:05 PM) stored in MAKE database
1:12:30 PM # Compiling file 'ACC_Active_Status1.vtt' in test unit 'ACC_Active'
1:12:30 PM # Compilation succeeded (1:12:30 PM) -- 0 errors, 0 warnings
1:12:30 PM - ============================== Build Step #10 finished ==============================
1:12:30 PM - Build Step #11: ConditionalBuildAbort (ArtefactID: -1)
1:12:30 PM - ------------------------------------------------------
1:12:30 PM - All Validation succeeded - continue build.
1:12:30 PM - ============================== Build Step #11 finished ==============================
1:12:30 PM - Build Step #12: CollectNavigationInfo (ArtefactID: 0)
1:12:30 PM - -----------------------------------------------------
1:12:30 PM - ============================== Build Step #12 finished ==============================
1:12:30 PM - Build Step #13: CompileVtt2Vxtx (ArtefactID: 0)
1:12:30 PM - -----------------------------------------------
1:12:30 PM - 'C:\Siva\vTEST_a\ACC_Vtest\obj_vTESTstudio_Project\bin_sd8nmvkqu4qa\__TsoBuildFiles_\ACC_Active_Status1.vxtx' is outdated
1:12:30 PM - Reason: Last write time of 'C:\Siva\vTEST_a\ACC_Vtest\ACC_Active\ACC_Active_Status1.vtt' (8/30/2025 1:11:53 PM) differs from dependency relation to 'C:\Siva\vTEST_a\ACC_Vtest\ACC_Active\ACC_Active_Status1.vtt' (8/30/2025 12:46:05 PM) stored in MAKE database
1:12:30 PM - 'C:\Siva\vTEST_a\ACC_Vtest\obj_vTESTstudio_Project\bin_sd8nmvkqu4qa\__TsoBuildFiles_\ACC_Active_Status1.vxtx.can' is outdated
1:12:30 PM - Reason: Last write time of 'C:\Siva\vTEST_a\ACC_Vtest\ACC_Active\ACC_Active_Status1.vtt' (8/30/2025 1:11:53 PM) differs from dependency relation to 'C:\Siva\vTEST_a\ACC_Vtest\ACC_Active\ACC_Active_Status1.vtt' (8/30/2025 12:46:05 PM) stored in MAKE database
1:12:30 PM - 'C:\Siva\vTEST_a\ACC_Vtest\obj_vTESTstudio_Project\bin_sd8nmvkqu4qa\__TsoBuildFiles_\ACC_Active_Status1.vxtx' is up to date (regarding to export table hash)
1:12:30 PM - ============================== Build Step #13 finished ==============================
1:12:30 PM - Build Step #14: CompileGeneratedCapl (ArtefactID: 0)
1:12:30 PM - ----------------------------------------------------
1:12:30 PM - 'C:\Siva\vTEST_a\ACC_Vtest\obj_vTESTstudio_Project\bin_sd8nmvkqu4qa\__TsoBuildFiles_\ACC_Active_Status1.vxtx.cbf' is outdated
1:12:30 PM - Reason: Last write time of 'C:\Siva\vTEST_a\ACC_Vtest\obj_vTESTstudio_Project\bin_sd8nmvkqu4qa\__TsoBuildFiles_\ACC_Active_Status1.vxtx.can' (8/30/2025 1:12:30 PM) differs from dependency relation to 'C:\Siva\vTEST_a\ACC_Vtest\obj_vTESTstudio_Project\bin_sd8nmvkqu4qa\__TsoBuildFiles_\ACC_Active_Status1.vxtx.can' (8/30/2025 12:46:52 PM) stored in MAKE database
1:12:30 PM - BuildStepUtilities.CompileCaplFile: 'C:\Siva\vTEST_a\ACC_Vtest\obj_vTESTstudio_Project\bin_sd8nmvkqu4qa\__TsoBuildFiles_\ACC_Active_Status1.vxtx.can' --> 'C:\Siva\vTEST_a\ACC_Vtest\obj_vTESTstudio_Project\bin_sd8nmvkqu4qa\__TsoBuildFiles_\ACC_Active_Status1.vxtx.cbf'
1:12:30 PM - Export table file 'C:\Siva\vTEST_a\ACC_Vtest\obj_vTESTstudio_Project\sd8nmvkqu4qa~3-0.' not copied to 'C:\Siva\vTEST_a\ACC_Vtest\obj_vTESTstudio_Project\bin_sd8nmvkqu4qa\__ExpTbl_\ACC_Active_Status1.vtt.export.xml' because export tables have not changed
1:12:30 PM - Copied file 'C:\Siva\vTEST_a\ACC_Vtest\ACC_Active\ACC_Active_Status1.vtt' to 'C:\Siva\vTEST_a\ACC_Vtest\obj_vTESTstudio_Project\bin_sd8nmvkqu4qa\ACC_Active_Status1.vtt'
1:12:30 PM - ============================== Build Step #14 finished ==============================
1:12:30 PM - Build Step #15: MoveCSharpXmlDocumentation (ArtefactID: -1)
1:12:30 PM - -----------------------------------------------------------
1:12:30 PM - MoveCSharpXmlDocumentation: Skipped because option is deactivated
1:12:30 PM - ============================== Build Step #15 finished ==============================
1:12:30 PM - Build Step #16: ValidateTteFile (ArtefactID: 0)
1:12:30 PM - -----------------------------------------------
1:12:30 PM - ============================== Build Step #16 finished ==============================
1:12:30 PM - Build Step #17: ValidateIdUsage (ArtefactID: -1)
1:12:30 PM - ------------------------------------------------
1:12:30 PM - ============================== Build Step #17 finished ==============================
1:12:30 PM - Build Step #18: ExportTraceabilityMatrix (ArtefactID: -1)
1:12:30 PM - ---------------------------------------------------------
1:12:30 PM - ExportTraceabilityMatrix: Skipped because option is deactivated
1:12:30 PM - ============================== Build Step #18 finished ==============================
1:12:30 PM - Build Step #19: IncludeSources (ArtefactID: -1)
1:12:30 PM - -----------------------------------------------
1:12:30 PM - IncludeSources: Skipped because option is deactivated
1:12:30 PM - ============================== Build Step #19 finished ==============================
1:12:30 PM - Build Step #20: WriteSystemEnvironment (ArtefactID: -1)
1:12:30 PM - -------------------------------------------------------
1:12:30 PM - Copy merged Test System Variable file...
1:12:30 PM - Copy <a5tikv53tq5l-MTSV> to C:\Siva\vTEST_a\ACC_Vtest\obj_vTESTstudio_Project\bin_sd8nmvkqu4qa\TestSysVars.vsysvar
1:12:30 PM - 'C:\Siva\vTEST_a\ACC_Vtest\obj_vTESTstudio_Project\bin_sd8nmvkqu4qa\TestSysVars.vsysvar' is up to date (regarding to dependencies in MAKE database)
1:12:30 PM - Add variant property file...
1:12:30 PM - No variant properties - nothing to do
1:12:30 PM - ============================== Build Step #20 finished ==============================
1:12:30 PM - Build Step #21: WriteTUProperties (ArtefactID: -1)
1:12:30 PM - --------------------------------------------------
1:12:30 PM - ============================== Build Step #21 finished ==============================
1:12:30 PM - Build Step #22: WriteTetEntries (ArtefactID: -1)
1:12:30 PM - ------------------------------------------------
1:12:30 PM - ============================== Build Step #22 finished ==============================
1:12:30 PM - Build Step #23: FuzzTestNLRemove (ArtefactID: -1)
1:12:30 PM - -------------------------------------------------
1:12:30 PM - ============================== Build Step #23 finished ==============================
1:12:30 PM - Build Step #24: WriteManifest (ArtefactID: -1)
1:12:30 PM - ----------------------------------------------
1:12:30 PM - Writing manifest C:\Siva\vTEST_a\ACC_Vtest\obj_vTESTstudio_Project\bin_sd8nmvkqu4qa\ACC_Active.vtumanifest
1:12:30 PM - ============================== Build Step #24 finished ==============================
1:12:30 PM - Build Step #29: RemoveOrphanedBuildArtfacts (ArtefactID: -1)
1:12:30 PM - ------------------------------------------------------------
1:12:30 PM - Removing orphaned build artefacts from the vtuexe's main folder...
1:12:30 PM - Nothing to do.
1:12:30 PM - ============================== Build Step #29 finished ==============================
1:12:30 PM - Build Step #25: WriteMetainfo (ArtefactID: -1)
1:12:30 PM - ----------------------------------------------
1:12:30 PM - BUILD TIME excluding ZIP/UNZIP (hours:minutes:seconds:milliseconds): 00:00:00:112
